🩺 The doctor is checking the health of your Storybook..
(node:78748) [DEP0040] DeprecationWarning: The `punycode` module is deprecated. Please use a userland alternative instead.
(Use `node --trace-deprecation ...` to show where the warning was created)
╭ Incompatible packages found ───────────────────────────────────────────────────────────────────────╮
│                                                                                                    │
│   The following packages are incompatible with Storybook 7.6.6 as they depend on different major   │
│   versions of Storybook packages:                                                                  │
│   - @storybook/addon-a11y@8.0.5                                                                    │
│   Repo: https://github.com/storybookjs/storybook/tree/next/code/addons/a11y                        │
│                                                                                                    │
│                                                                                                    │
│   Please consider updating your packages or contacting the maintainers for compatibility           │
│   details.                                                                                         │
│   For more on Storybook 8 compatibility, see the linked GitHub issue:                              │
│   https://github.com/storybookjs/storybook/issues/26031                                            │
│                                                                                                    │
╰────────────────────────────────────────────────────────────────────────────────────────────────────╯

You can always recheck the health of your project by running:
npx storybook doctor

Full logs are available in /Users/ufinity/Documents/storybook-tutorial/taskbox/doctor-storybook.log

